/home/houndsito/vt-cro/Dog/leg1_ws/install/leg1_description/lib/python3.12/site-packages/leg1_description/__init__.py
/home/houndsito/vt-cro/Dog/leg1_ws/install/leg1_description/lib/python3.12/site-packages/leg1_description/__pycache__/__init__.cpython-312.pyc
/home/houndsito/vt-cro/Dog/leg1_ws/install/leg1_description/share/ament_index/resource_index/packages/leg1_description
/home/houndsito/vt-cro/Dog/leg1_ws/install/leg1_description/share/leg1_description/package.xml
/home/houndsito/vt-cro/Dog/leg1_ws/install/leg1_description/share/leg1_description/launch/gazebo.launch.py
/home/houndsito/vt-cro/Dog/leg1_ws/install/leg1_description/share/leg1_description/launch/display.launch.py
/home/houndsito/vt-cro/Dog/leg1_ws/install/leg1_description/share/leg1_description/urdf/leg1.trans
/home/houndsito/vt-cro/Dog/leg1_ws/install/leg1_description/share/leg1_description/urdf/leg1.gazebo
/home/houndsito/vt-cro/Dog/leg1_ws/install/leg1_description/share/leg1_description/urdf/materials.xacro
/home/houndsito/vt-cro/Dog/leg1_ws/install/leg1_description/share/leg1_description/urdf/dingo.xacro
/home/houndsito/vt-cro/Dog/leg1_ws/install/leg1_description/share/leg1_description/meshes/FR_link3.STL
/home/houndsito/vt-cro/Dog/leg1_ws/install/leg1_description/share/leg1_description/meshes/FR1_obj.mtl
/home/houndsito/vt-cro/Dog/leg1_ws/install/leg1_description/share/leg1_description/meshes/R3_obj.mtl
/home/houndsito/vt-cro/Dog/leg1_ws/install/leg1_description/share/leg1_description/meshes/L3_obj.mtl
/home/houndsito/vt-cro/Dog/leg1_ws/install/leg1_description/share/leg1_description/meshes/L2_obj.obj
/home/houndsito/vt-cro/Dog/leg1_ws/install/leg1_description/share/leg1_description/meshes/L_link3.dae
/home/houndsito/vt-cro/Dog/leg1_ws/install/leg1_description/share/leg1_description/meshes/FL_link4.STL
/home/houndsito/vt-cro/Dog/leg1_ws/install/leg1_description/share/leg1_description/meshes/RR_link1.STL
/home/houndsito/vt-cro/Dog/leg1_ws/install/leg1_description/share/leg1_description/meshes/RR_link3.STL
/home/houndsito/vt-cro/Dog/leg1_ws/install/leg1_description/share/leg1_description/meshes/L2_obj.mtl
/home/houndsito/vt-cro/Dog/leg1_ws/install/leg1_description/share/leg1_description/meshes/R3_obj.obj
/home/houndsito/vt-cro/Dog/leg1_ws/install/leg1_description/share/leg1_description/meshes/R_link3_collision.STL
/home/houndsito/vt-cro/Dog/leg1_ws/install/leg1_description/share/leg1_description/meshes/RL_link3.STL
/home/houndsito/vt-cro/Dog/leg1_ws/install/leg1_description/share/leg1_description/meshes/FL_link2.STL
/home/houndsito/vt-cro/Dog/leg1_ws/install/leg1_description/share/leg1_description/meshes/R_link2.dae
/home/houndsito/vt-cro/Dog/leg1_ws/install/leg1_description/share/leg1_description/meshes/R2_obj.mtl
/home/houndsito/vt-cro/Dog/leg1_ws/install/leg1_description/share/leg1_description/meshes/FR_link1.STL
/home/houndsito/vt-cro/Dog/leg1_ws/install/leg1_description/share/leg1_description/meshes/L_link3_collision.STL
/home/houndsito/vt-cro/Dog/leg1_ws/install/leg1_description/share/leg1_description/meshes/RL_link1.STL
/home/houndsito/vt-cro/Dog/leg1_ws/install/leg1_description/share/leg1_description/meshes/RR1_obj.obj
/home/houndsito/vt-cro/Dog/leg1_ws/install/leg1_description/share/leg1_description/meshes/RR_link1.dae
/home/houndsito/vt-cro/Dog/leg1_ws/install/leg1_description/share/leg1_description/meshes/FL_link1.dae
/home/houndsito/vt-cro/Dog/leg1_ws/install/leg1_description/share/leg1_description/meshes/FR_link2.STL
/home/houndsito/vt-cro/Dog/leg1_ws/install/leg1_description/share/leg1_description/meshes/FR1_obj.obj
/home/houndsito/vt-cro/Dog/leg1_ws/install/leg1_description/share/leg1_description/meshes/body_obj.mtl
/home/houndsito/vt-cro/Dog/leg1_ws/install/leg1_description/share/leg1_description/meshes/R_link3.dae
/home/houndsito/vt-cro/Dog/leg1_ws/install/leg1_description/share/leg1_description/meshes/body_obj.obj
/home/houndsito/vt-cro/Dog/leg1_ws/install/leg1_description/share/leg1_description/meshes/FR_link1.dae
/home/houndsito/vt-cro/Dog/leg1_ws/install/leg1_description/share/leg1_description/meshes/R_link2_collision.STL
/home/houndsito/vt-cro/Dog/leg1_ws/install/leg1_description/share/leg1_description/meshes/L3_obj.obj
/home/houndsito/vt-cro/Dog/leg1_ws/install/leg1_description/share/leg1_description/meshes/link4_collision.STL
/home/houndsito/vt-cro/Dog/leg1_ws/install/leg1_description/share/leg1_description/meshes/FL1_obj.mtl
/home/houndsito/vt-cro/Dog/leg1_ws/install/leg1_description/share/leg1_description/meshes/FL1_obj.obj
/home/houndsito/vt-cro/Dog/leg1_ws/install/leg1_description/share/leg1_description/meshes/RL1_obj.mtl
/home/houndsito/vt-cro/Dog/leg1_ws/install/leg1_description/share/leg1_description/meshes/RR_link2.STL
/home/houndsito/vt-cro/Dog/leg1_ws/install/leg1_description/share/leg1_description/meshes/RL_link1.dae
/home/houndsito/vt-cro/Dog/leg1_ws/install/leg1_description/share/leg1_description/meshes/RR1_obj.mtl
/home/houndsito/vt-cro/Dog/leg1_ws/install/leg1_description/share/leg1_description/meshes/RR_link4.STL
/home/houndsito/vt-cro/Dog/leg1_ws/install/leg1_description/share/leg1_description/meshes/RL_link4.STL
/home/houndsito/vt-cro/Dog/leg1_ws/install/leg1_description/share/leg1_description/meshes/R2_obj.obj
/home/houndsito/vt-cro/Dog/leg1_ws/install/leg1_description/share/leg1_description/meshes/base_collision.STL
/home/houndsito/vt-cro/Dog/leg1_ws/install/leg1_description/share/leg1_description/meshes/thread.jpg
/home/houndsito/vt-cro/Dog/leg1_ws/install/leg1_description/share/leg1_description/meshes/main.py
/home/houndsito/vt-cro/Dog/leg1_ws/install/leg1_description/share/leg1_description/meshes/L_link1_collision.STL
/home/houndsito/vt-cro/Dog/leg1_ws/install/leg1_description/share/leg1_description/meshes/base_link.dae
/home/houndsito/vt-cro/Dog/leg1_ws/install/leg1_description/share/leg1_description/meshes/base_link.STL
/home/houndsito/vt-cro/Dog/leg1_ws/install/leg1_description/share/leg1_description/meshes/link4.dae
/home/houndsito/vt-cro/Dog/leg1_ws/install/leg1_description/share/leg1_description/meshes/R_link1_collision.STL
/home/houndsito/vt-cro/Dog/leg1_ws/install/leg1_description/share/leg1_description/meshes/L_link2.dae
/home/houndsito/vt-cro/Dog/leg1_ws/install/leg1_description/share/leg1_description/meshes/FL_link1.STL
/home/houndsito/vt-cro/Dog/leg1_ws/install/leg1_description/share/leg1_description/meshes/RL1_obj.obj
/home/houndsito/vt-cro/Dog/leg1_ws/install/leg1_description/share/leg1_description/meshes/FR_link4.STL
/home/houndsito/vt-cro/Dog/leg1_ws/install/leg1_description/share/leg1_description/meshes/L_link2_collision.STL
/home/houndsito/vt-cro/Dog/leg1_ws/install/leg1_description/share/leg1_description/meshes/FL_link3.STL
/home/houndsito/vt-cro/Dog/leg1_ws/install/leg1_description/share/leg1_description/meshes/RL_link2.STL
/home/houndsito/vt-cro/Dog/leg1_ws/install/leg1_description/share/leg1_description/config/display.rviz
/home/houndsito/vt-cro/Dog/leg1_ws/install/leg1_description/lib/python3.12/site-packages/leg1_description-0.0.0-py3.12.egg-info/PKG-INFO
/home/houndsito/vt-cro/Dog/leg1_ws/install/leg1_description/lib/python3.12/site-packages/leg1_description-0.0.0-py3.12.egg-info/top_level.txt
/home/houndsito/vt-cro/Dog/leg1_ws/install/leg1_description/lib/python3.12/site-packages/leg1_description-0.0.0-py3.12.egg-info/requires.txt
/home/houndsito/vt-cro/Dog/leg1_ws/install/leg1_description/lib/python3.12/site-packages/leg1_description-0.0.0-py3.12.egg-info/zip-safe
/home/houndsito/vt-cro/Dog/leg1_ws/install/leg1_description/lib/python3.12/site-packages/leg1_description-0.0.0-py3.12.egg-info/SOURCES.txt
/home/houndsito/vt-cro/Dog/leg1_ws/install/leg1_description/lib/python3.12/site-packages/leg1_description-0.0.0-py3.12.egg-info/dependency_links.txt
