[0.000000] (-) TimerEvent: {}
[0.000567] (leg1_description) JobQueued: {'identifier': 'leg1_description', 'dependencies': OrderedDict()}
[0.000972] (leg1_description) JobStarted: {'identifier': 'leg1_description'}
[0.099810] (-) TimerEvent: {}
[0.200004] (-) TimerEvent: {}
[0.300323] (-) TimerEvent: {}
[0.400593] (-) TimerEvent: {}
[0.500847] (-) TimerEvent: {}
[0.601183] (-) TimerEvent: {}
[0.652310] (leg1_description) Command: {'cmd': ['/usr/bin/python3', '-W', 'ignore:setup.py install is deprecated', '-W', 'ignore:easy_install command is deprecated', 'setup.py', 'egg_info', '--egg-base', '../../build/leg1_description', 'build', '--build-base', '/home/houndsito/vt-cro/Dog/leg1_ws/build/leg1_description/build', 'install', '--record', '/home/houndsito/vt-cro/Dog/leg1_ws/build/leg1_description/install.log', '--single-version-externally-managed', 'install_data'], 'cwd': '/home/houndsito/vt-cro/Dog/leg1_ws/src/leg1_description', 'env': {'USER': 'houndsito', 'GZ_CONFIG_PATH': '/opt/ros/jazzy/opt/gz_launch_vendor/share/gz:/opt/ros/jazzy/opt/gz_sim_vendor/share/gz:/opt/ros/jazzy/opt/sdformat_vendor/share/gz:/opt/ros/jazzy/opt/gz_gui_vendor/share/gz:/opt/ros/jazzy/opt/gz_transport_vendor/share/gz:/opt/ros/jazzy/opt/gz_rendering_vendor/share/gz:/opt/ros/jazzy/opt/gz_plugin_vendor/share/gz:/opt/ros/jazzy/opt/gz_fuel_tools_vendor/share/gz:/opt/ros/jazzy/opt/gz_msgs_vendor/share/gz:/opt/ros/jazzy/opt/gz_common_vendor/share/gz', 'XDG_SESSION_TYPE': 'x11', 'SHLVL': '2', 'LD_LIBRARY_PATH': '/opt/ros/jazzy/opt/gz_launch_vendor/lib:/opt/ros/jazzy/opt/gz_sim_vendor/lib:/opt/ros/jazzy/opt/gz_sensors_vendor/lib:/opt/ros/jazzy/opt/gz_physics_vendor/lib:/opt/ros/jazzy/opt/sdformat_vendor/lib:/opt/ros/jazzy/opt/rviz_ogre_vendor/lib:/opt/ros/jazzy/lib/x86_64-linux-gnu:/opt/ros/jazzy/opt/gz_gui_vendor/lib:/opt/ros/jazzy/opt/gz_transport_vendor/lib:/opt/ros/jazzy/opt/gz_rendering_vendor/lib:/opt/ros/jazzy/opt/gz_plugin_vendor/lib:/opt/ros/jazzy/opt/gz_fuel_tools_vendor/lib:/opt/ros/jazzy/opt/gz_msgs_vendor/lib:/opt/ros/jazzy/opt/gz_common_vendor/lib:/opt/ros/jazzy/opt/gz_math_vendor/lib:/opt/ros/jazzy/opt/gz_utils_vendor/lib:/opt/ros/jazzy/opt/gz_tools_vendor/lib:/opt/ros/jazzy/opt/gz_ogre_next_vendor/lib:/opt/ros/jazzy/opt/gz_dartsim_vendor/lib:/opt/ros/jazzy/opt/gz_cmake_vendor/lib:/opt/ros/jazzy/lib', 'HOME': '/home/houndsito', 'TERMINFO': '/usr/lib/kitty/terminfo', 'DESKTOP_SESSION': 'ubuntu', 'KITTY_INSTALLATION_DIR': '/usr/lib/kitty', 'ROS_PYTHON_VERSION': '3', 'GNOME_SHELL_SESSION_MODE': 'ubuntu', 'GTK_MODULES': 'gail:atk-bridge', 'KITTY_PID': '35417', 'MANAGERPID': '2249', 'SYSTEMD_EXEC_PID': '3151', 'GSM_SKIP_SSH_AGENT_WORKAROUND': 'true', 'DBUS_SESSION_BUS_ADDRESS': 'unix:path=/run/user/1000/bus', 'COLORTERM': 'truecolor', 'GIO_LAUNCHED_DESKTOP_FILE_PID': '35417', 'GNOME_KEYRING_CONTROL': '/run/user/1000/keyring', 'DEBUGINFOD_URLS': 'https://debuginfod.ubuntu.com', 'OMF_PATH': '/home/houndsito/.local/share/omf', 'ROS_DISTRO': 'jazzy', 'LOGNAME': 'houndsito', 'WINDOWID': '73400331', 'JOURNAL_STREAM': '9:28726', '_': '/usr/bin/colcon', 'ROS_VERSION': '2', 'MEMORY_PRESSURE_WATCH': '/sys/fs/cgroup/user.slice/user-1000.slice/user@1000.service/session.slice/org.gnome.SettingsDaemon.MediaKeys.service/memory.pressure', 'XDG_SESSION_CLASS': 'user', 'KITTY_PUBLIC_KEY': '1:BY~7IuEKlLLtLXZLH7h$QE4qq%IaorqT~HvnHnBA', 'USERNAME': 'houndsito', 'TERM': 'xterm-kitty', 'GNOME_DESKTOP_SESSION_ID': 'this-is-deprecated', 'WINDOWPATH': '2', 'PATH': '/opt/ros/jazzy/opt/gz_msgs_vendor/bin:/opt/ros/jazzy/opt/gz_tools_vendor/bin:/opt/ros/jazzy/opt/gz_ogre_next_vendor/bin:/opt/ros/jazzy/bin:/home/houndsito/.local/bin:/home/houndsito/bin:/usr/local/sbin:/usr/local/bin:/usr/sbin:/usr/bin:/sbin:/bin:/usr/games:/usr/local/games:/snap/bin:/snap/bin', 'SESSION_MANAGER': 'local/DPM:@/tmp/.ICE-unix/2929,unix/DPM:/tmp/.ICE-unix/2929', 'INVOCATION_ID': '9e298eac003e499aa447eb7de36d25a9', 'XDG_MENU_PREFIX': 'gnome-', 'XDG_RUNTIME_DIR': '/run/user/1000', 'DISPLAY': ':1', 'LANG': 'en_US.UTF-8', 'XDG_CURRENT_DESKTOP': 'ubuntu:GNOME', 'XMODIFIERS': '@im=ibus', 'XDG_SESSION_DESKTOP': 'ubuntu', 'XAUTHORITY': '/run/user/1000/gdm/Xauthority', 'SSH_AUTH_SOCK': '/run/user/1000/keyring/ssh', 'AMENT_PREFIX_PATH': '/opt/ros/jazzy', 'SHELL': '/usr/bin/fish', 'QT_ACCESSIBILITY': '1', 'GDMSESSION': 'ubuntu', 'KITTY_WINDOW_ID': '1', 'GPG_AGENT_INFO': '/run/user/1000/gnupg/S.gpg-agent:0:1', 'ROS_AUTOMATIC_DISCOVERY_RANGE': 'SUBNET', 'QT_IM_MODULE': 'ibus', 'PWD': '/home/houndsito/vt-cro/Dog/leg1_ws/build/leg1_description', 'LC_ALL': 'en_US.UTF-8', 'XDG_CONFIG_DIRS': '/etc/xdg/xdg-ubuntu:/etc/xdg', 'XDG_DATA_DIRS': '/usr/share/ubuntu:/usr/share/gnome:/usr/local/share/:/usr/share/:/var/lib/snapd/desktop', 'OMF_CONFIG': '/home/houndsito/.config/omf', 'PYTHONPATH': '/home/houndsito/vt-cro/Dog/leg1_ws/build/leg1_description/prefix_override:/usr/lib/python3/dist-packages/colcon_core/task/python/colcon_distutils_commands:/home/houndsito/vt-cro/Dog/leg1_ws/install/leg1_description/lib/python3.12/site-packages:/opt/ros/jazzy/lib/python3.12/site-packages', 'COLCON': '1', 'MEMORY_PRESSURE_WRITE': 'c29tZSAyMDAwMDAgMjAwMDAwMAA=', 'CMAKE_PREFIX_PATH': '/opt/ros/jazzy/opt/gz_launch_vendor:/opt/ros/jazzy/opt/gz_sim_vendor:/opt/ros/jazzy/opt/gz_sensors_vendor:/opt/ros/jazzy/opt/gz_physics_vendor:/opt/ros/jazzy/opt/sdformat_vendor:/opt/ros/jazzy/opt/gz_gui_vendor:/opt/ros/jazzy/opt/gz_transport_vendor:/opt/ros/jazzy/opt/gz_rendering_vendor:/opt/ros/jazzy/opt/gz_plugin_vendor:/opt/ros/jazzy/opt/gz_fuel_tools_vendor:/opt/ros/jazzy/opt/gz_msgs_vendor:/opt/ros/jazzy/opt/gz_common_vendor:/opt/ros/jazzy/opt/gz_math_vendor:/opt/ros/jazzy/opt/gz_utils_vendor:/opt/ros/jazzy/opt/gz_tools_vendor:/opt/ros/jazzy/opt/gz_ogre_next_vendor:/opt/ros/jazzy/opt/gz_dartsim_vendor:/opt/ros/jazzy/opt/gz_cmake_vendor'}, 'shell': False}
[0.701323] (-) TimerEvent: {}
[0.801609] (-) TimerEvent: {}
[0.871430] (leg1_description) StdoutLine: {'line': b'running egg_info\n'}
[0.871750] (leg1_description) StdoutLine: {'line': b'creating ../../build/leg1_description/leg1_description.egg-info\n'}
[0.887935] (leg1_description) StdoutLine: {'line': b'writing ../../build/leg1_description/leg1_description.egg-info/PKG-INFO\n'}
[0.888190] (leg1_description) StdoutLine: {'line': b'writing dependency_links to ../../build/leg1_description/leg1_description.egg-info/dependency_links.txt\n'}
[0.888350] (leg1_description) StdoutLine: {'line': b'writing requirements to ../../build/leg1_description/leg1_description.egg-info/requires.txt\n'}
[0.888527] (leg1_description) StdoutLine: {'line': b'writing top-level names to ../../build/leg1_description/leg1_description.egg-info/top_level.txt\n'}
[0.888631] (leg1_description) StdoutLine: {'line': b"writing manifest file '../../build/leg1_description/leg1_description.egg-info/SOURCES.txt'\n"}
[0.901708] (-) TimerEvent: {}
[0.921912] (leg1_description) StdoutLine: {'line': b"reading manifest file '../../build/leg1_description/leg1_description.egg-info/SOURCES.txt'\n"}
[0.922434] (leg1_description) StdoutLine: {'line': b"writing manifest file '../../build/leg1_description/leg1_description.egg-info/SOURCES.txt'\n"}
[0.922661] (leg1_description) StdoutLine: {'line': b'running build\n'}
[0.922784] (leg1_description) StdoutLine: {'line': b'running build_py\n'}
[0.922835] (leg1_description) StdoutLine: {'line': b'creating /home/houndsito/vt-cro/Dog/leg1_ws/build/leg1_description/build\n'}
[0.922879] (leg1_description) StdoutLine: {'line': b'creating /home/houndsito/vt-cro/Dog/leg1_ws/build/leg1_description/build/lib\n'}
[0.922925] (leg1_description) StdoutLine: {'line': b'creating /home/houndsito/vt-cro/Dog/leg1_ws/build/leg1_description/build/lib/leg1_description\n'}
[0.922972] (leg1_description) StdoutLine: {'line': b'copying leg1_description/__init__.py -> /home/houndsito/vt-cro/Dog/leg1_ws/build/leg1_description/build/lib/leg1_description\n'}
[0.923046] (leg1_description) StdoutLine: {'line': b'running install\n'}
[0.927405] (leg1_description) StdoutLine: {'line': b'running install_lib\n'}
[0.944392] (leg1_description) StdoutLine: {'line': b'creating /home/houndsito/vt-cro/Dog/leg1_ws/install/leg1_description/lib/python3.12/site-packages/leg1_description\n'}
[0.944788] (leg1_description) StdoutLine: {'line': b'copying /home/houndsito/vt-cro/Dog/leg1_ws/build/leg1_description/build/lib/leg1_description/__init__.py -> /home/houndsito/vt-cro/Dog/leg1_ws/install/leg1_description/lib/python3.12/site-packages/leg1_description\n'}
[0.945179] (leg1_description) StdoutLine: {'line': b'byte-compiling /home/houndsito/vt-cro/Dog/leg1_ws/install/leg1_description/lib/python3.12/site-packages/leg1_description/__init__.py to __init__.cpython-312.pyc\n'}
[0.945494] (leg1_description) StdoutLine: {'line': b'running install_data\n'}
[0.945644] (leg1_description) StdoutLine: {'line': b'creating /home/houndsito/vt-cro/Dog/leg1_ws/install/leg1_description/share/ament_index\n'}
[0.945728] (leg1_description) StdoutLine: {'line': b'creating /home/houndsito/vt-cro/Dog/leg1_ws/install/leg1_description/share/ament_index/resource_index\n'}
[0.945830] (leg1_description) StdoutLine: {'line': b'creating /home/houndsito/vt-cro/Dog/leg1_ws/install/leg1_description/share/ament_index/resource_index/packages\n'}
[0.945881] (leg1_description) StdoutLine: {'line': b'copying resource/leg1_description -> /home/houndsito/vt-cro/Dog/leg1_ws/install/leg1_description/share/ament_index/resource_index/packages\n'}
[0.945956] (leg1_description) StdoutLine: {'line': b'copying package.xml -> /home/houndsito/vt-cro/Dog/leg1_ws/install/leg1_description/share/leg1_description\n'}
[0.946024] (leg1_description) StdoutLine: {'line': b'creating /home/houndsito/vt-cro/Dog/leg1_ws/install/leg1_description/share/leg1_description/launch\n'}
[0.946089] (leg1_description) StdoutLine: {'line': b'copying launch/gazebo.launch.py -> /home/houndsito/vt-cro/Dog/leg1_ws/install/leg1_description/share/leg1_description/launch\n'}
[0.946198] (leg1_description) StdoutLine: {'line': b'copying launch/display.launch.py -> /home/houndsito/vt-cro/Dog/leg1_ws/install/leg1_description/share/leg1_description/launch\n'}
[0.946317] (leg1_description) StdoutLine: {'line': b'creating /home/houndsito/vt-cro/Dog/leg1_ws/install/leg1_description/share/leg1_description/urdf\n'}
[0.946391] (leg1_description) StdoutLine: {'line': b'copying urdf/leg1.trans -> /home/houndsito/vt-cro/Dog/leg1_ws/install/leg1_description/share/leg1_description/urdf\n'}
[0.946493] (leg1_description) StdoutLine: {'line': b'copying urdf/leg1.xacro -> /home/houndsito/vt-cro/Dog/leg1_ws/install/leg1_description/share/leg1_description/urdf\n'}
[0.946597] (leg1_description) StdoutLine: {'line': b'copying urdf/leg1.gazebo -> /home/houndsito/vt-cro/Dog/leg1_ws/install/leg1_description/share/leg1_description/urdf\n'}
[0.946696] (leg1_description) StdoutLine: {'line': b'copying urdf/materials.xacro -> /home/houndsito/vt-cro/Dog/leg1_ws/install/leg1_description/share/leg1_description/urdf\n'}
[0.946804] (leg1_description) StdoutLine: {'line': b'creating /home/houndsito/vt-cro/Dog/leg1_ws/install/leg1_description/share/leg1_description/meshes\n'}
[0.946903] (leg1_description) StdoutLine: {'line': b'copying meshes/driveleg_1.stl -> /home/houndsito/vt-cro/Dog/leg1_ws/install/leg1_description/share/leg1_description/meshes\n'}
[0.947116] (leg1_description) StdoutLine: {'line': b'copying meshes/sphere_1.stl -> /home/houndsito/vt-cro/Dog/leg1_ws/install/leg1_description/share/leg1_description/meshes\n'}
[0.947526] (leg1_description) StdoutLine: {'line': b'copying meshes/upperleg_1.stl -> /home/houndsito/vt-cro/Dog/leg1_ws/install/leg1_description/share/leg1_description/meshes\n'}
[0.947640] (leg1_description) StdoutLine: {'line': b'copying meshes/base_link.stl -> /home/houndsito/vt-cro/Dog/leg1_ws/install/leg1_description/share/leg1_description/meshes\n'}
[0.947779] (leg1_description) StdoutLine: {'line': b'copying meshes/lowerleg_1.stl -> /home/houndsito/vt-cro/Dog/leg1_ws/install/leg1_description/share/leg1_description/meshes\n'}
[0.948248] (leg1_description) StdoutLine: {'line': b'creating /home/houndsito/vt-cro/Dog/leg1_ws/install/leg1_description/share/leg1_description/config\n'}
[0.948387] (leg1_description) StdoutLine: {'line': b'copying config/display.rviz -> /home/houndsito/vt-cro/Dog/leg1_ws/install/leg1_description/share/leg1_description/config\n'}
[0.948498] (leg1_description) StdoutLine: {'line': b'running install_egg_info\n'}
[0.966095] (leg1_description) StdoutLine: {'line': b'Copying ../../build/leg1_description/leg1_description.egg-info to /home/houndsito/vt-cro/Dog/leg1_ws/install/leg1_description/lib/python3.12/site-packages/leg1_description-0.0.0-py3.12.egg-info\n'}
[0.966787] (leg1_description) StdoutLine: {'line': b'running install_scripts\n'}
[1.001842] (-) TimerEvent: {}
[1.080760] (leg1_description) StdoutLine: {'line': b"writing list of installed files to '/home/houndsito/vt-cro/Dog/leg1_ws/build/leg1_description/install.log'\n"}
[1.101785] (leg1_description) CommandEnded: {'returncode': 0}
[1.102410] (-) TimerEvent: {}
[1.108724] (leg1_description) JobEnded: {'identifier': 'leg1_description', 'rc': 0}
[1.109396] (-) EventReactorShutdown: {}
