[0.653s] Invoking command in '/home/houndsito/vt-cro/Dog/leg1_ws/src/leg1_description': DEBUGINFOD_URLS=https://debuginfod.ubuntu.com PYTHONPATH=/home/houndsito/vt-cro/Dog/leg1_ws/build/leg1_description/prefix_override:/usr/lib/python3/dist-packages/colcon_core/task/python/colcon_distutils_commands:/home/houndsito/vt-cro/Dog/leg1_ws/install/leg1_description/lib/python3.12/site-packages:${PYTHONPATH} /usr/bin/python3 -W ignore:setup.py install is deprecated -W ignore:easy_install command is deprecated setup.py egg_info --egg-base ../../build/leg1_description build --build-base /home/houndsito/vt-cro/Dog/leg1_ws/build/leg1_description/build install --record /home/houndsito/vt-cro/Dog/leg1_ws/build/leg1_description/install.log --single-version-externally-managed install_data
[0.871s] running egg_info
[0.871s] creating ../../build/leg1_description/leg1_description.egg-info
[0.887s] writing ../../build/leg1_description/leg1_description.egg-info/PKG-INFO
[0.887s] writing dependency_links to ../../build/leg1_description/leg1_description.egg-info/dependency_links.txt
[0.887s] writing requirements to ../../build/leg1_description/leg1_description.egg-info/requires.txt
[0.888s] writing top-level names to ../../build/leg1_description/leg1_description.egg-info/top_level.txt
[0.888s] writing manifest file '../../build/leg1_description/leg1_description.egg-info/SOURCES.txt'
[0.921s] reading manifest file '../../build/leg1_description/leg1_description.egg-info/SOURCES.txt'
[0.922s] writing manifest file '../../build/leg1_description/leg1_description.egg-info/SOURCES.txt'
[0.922s] running build
[0.922s] running build_py
[0.922s] creating /home/houndsito/vt-cro/Dog/leg1_ws/build/leg1_description/build
[0.922s] creating /home/houndsito/vt-cro/Dog/leg1_ws/build/leg1_description/build/lib
[0.922s] creating /home/houndsito/vt-cro/Dog/leg1_ws/build/leg1_description/build/lib/leg1_description
[0.922s] copying leg1_description/__init__.py -> /home/houndsito/vt-cro/Dog/leg1_ws/build/leg1_description/build/lib/leg1_description
[0.922s] running install
[0.927s] running install_lib
[0.944s] creating /home/houndsito/vt-cro/Dog/leg1_ws/install/leg1_description/lib/python3.12/site-packages/leg1_description
[0.944s] copying /home/houndsito/vt-cro/Dog/leg1_ws/build/leg1_description/build/lib/leg1_description/__init__.py -> /home/houndsito/vt-cro/Dog/leg1_ws/install/leg1_description/lib/python3.12/site-packages/leg1_description
[0.944s] byte-compiling /home/houndsito/vt-cro/Dog/leg1_ws/install/leg1_description/lib/python3.12/site-packages/leg1_description/__init__.py to __init__.cpython-312.pyc
[0.945s] running install_data
[0.945s] creating /home/houndsito/vt-cro/Dog/leg1_ws/install/leg1_description/share/ament_index
[0.945s] creating /home/houndsito/vt-cro/Dog/leg1_ws/install/leg1_description/share/ament_index/resource_index
[0.945s] creating /home/houndsito/vt-cro/Dog/leg1_ws/install/leg1_description/share/ament_index/resource_index/packages
[0.945s] copying resource/leg1_description -> /home/houndsito/vt-cro/Dog/leg1_ws/install/leg1_description/share/ament_index/resource_index/packages
[0.945s] copying package.xml -> /home/houndsito/vt-cro/Dog/leg1_ws/install/leg1_description/share/leg1_description
[0.945s] creating /home/houndsito/vt-cro/Dog/leg1_ws/install/leg1_description/share/leg1_description/launch
[0.945s] copying launch/gazebo.launch.py -> /home/houndsito/vt-cro/Dog/leg1_ws/install/leg1_description/share/leg1_description/launch
[0.945s] copying launch/display.launch.py -> /home/houndsito/vt-cro/Dog/leg1_ws/install/leg1_description/share/leg1_description/launch
[0.945s] creating /home/houndsito/vt-cro/Dog/leg1_ws/install/leg1_description/share/leg1_description/urdf
[0.945s] copying urdf/leg1.trans -> /home/houndsito/vt-cro/Dog/leg1_ws/install/leg1_description/share/leg1_description/urdf
[0.946s] copying urdf/leg1.xacro -> /home/houndsito/vt-cro/Dog/leg1_ws/install/leg1_description/share/leg1_description/urdf
[0.946s] copying urdf/leg1.gazebo -> /home/houndsito/vt-cro/Dog/leg1_ws/install/leg1_description/share/leg1_description/urdf
[0.946s] copying urdf/materials.xacro -> /home/houndsito/vt-cro/Dog/leg1_ws/install/leg1_description/share/leg1_description/urdf
[0.946s] creating /home/houndsito/vt-cro/Dog/leg1_ws/install/leg1_description/share/leg1_description/meshes
[0.946s] copying meshes/driveleg_1.stl -> /home/houndsito/vt-cro/Dog/leg1_ws/install/leg1_description/share/leg1_description/meshes
[0.946s] copying meshes/sphere_1.stl -> /home/houndsito/vt-cro/Dog/leg1_ws/install/leg1_description/share/leg1_description/meshes
[0.947s] copying meshes/upperleg_1.stl -> /home/houndsito/vt-cro/Dog/leg1_ws/install/leg1_description/share/leg1_description/meshes
[0.947s] copying meshes/base_link.stl -> /home/houndsito/vt-cro/Dog/leg1_ws/install/leg1_description/share/leg1_description/meshes
[0.947s] copying meshes/lowerleg_1.stl -> /home/houndsito/vt-cro/Dog/leg1_ws/install/leg1_description/share/leg1_description/meshes
[0.947s] creating /home/houndsito/vt-cro/Dog/leg1_ws/install/leg1_description/share/leg1_description/config
[0.947s] copying config/display.rviz -> /home/houndsito/vt-cro/Dog/leg1_ws/install/leg1_description/share/leg1_description/config
[0.948s] running install_egg_info
[0.965s] Copying ../../build/leg1_description/leg1_description.egg-info to /home/houndsito/vt-cro/Dog/leg1_ws/install/leg1_description/lib/python3.12/site-packages/leg1_description-0.0.0-py3.12.egg-info
[0.966s] running install_scripts
[1.080s] writing list of installed files to '/home/houndsito/vt-cro/Dog/leg1_ws/build/leg1_description/install.log'
[1.101s] Invoked command in '/home/houndsito/vt-cro/Dog/leg1_ws/src/leg1_description' returned '0': DEBUGINFOD_URLS=https://debuginfod.ubuntu.com PYTHONPATH=/home/houndsito/vt-cro/Dog/leg1_ws/build/leg1_description/prefix_override:/usr/lib/python3/dist-packages/colcon_core/task/python/colcon_distutils_commands:/home/houndsito/vt-cro/Dog/leg1_ws/install/leg1_description/lib/python3.12/site-packages:${PYTHONPATH} /usr/bin/python3 -W ignore:setup.py install is deprecated -W ignore:easy_install command is deprecated setup.py egg_info --egg-base ../../build/leg1_description build --build-base /home/houndsito/vt-cro/Dog/leg1_ws/build/leg1_description/build install --record /home/houndsito/vt-cro/Dog/leg1_ws/build/leg1_description/install.log --single-version-externally-managed install_data
