running egg_info
creating ../../build/leg1_description/leg1_description.egg-info
writing ../../build/leg1_description/leg1_description.egg-info/PKG-INFO
writing dependency_links to ../../build/leg1_description/leg1_description.egg-info/dependency_links.txt
writing requirements to ../../build/leg1_description/leg1_description.egg-info/requires.txt
writing top-level names to ../../build/leg1_description/leg1_description.egg-info/top_level.txt
writing manifest file '../../build/leg1_description/leg1_description.egg-info/SOURCES.txt'
reading manifest file '../../build/leg1_description/leg1_description.egg-info/SOURCES.txt'
writing manifest file '../../build/leg1_description/leg1_description.egg-info/SOURCES.txt'
running build
running build_py
creating /home/houndsito/vt-cro/Dog/leg1_ws/build/leg1_description/build
creating /home/houndsito/vt-cro/Dog/leg1_ws/build/leg1_description/build/lib
creating /home/houndsito/vt-cro/Dog/leg1_ws/build/leg1_description/build/lib/leg1_description
copying leg1_description/__init__.py -> /home/houndsito/vt-cro/Dog/leg1_ws/build/leg1_description/build/lib/leg1_description
running install
running install_lib
creating /home/houndsito/vt-cro/Dog/leg1_ws/install/leg1_description/lib/python3.12/site-packages/leg1_description
copying /home/houndsito/vt-cro/Dog/leg1_ws/build/leg1_description/build/lib/leg1_description/__init__.py -> /home/houndsito/vt-cro/Dog/leg1_ws/install/leg1_description/lib/python3.12/site-packages/leg1_description
byte-compiling /home/houndsito/vt-cro/Dog/leg1_ws/install/leg1_description/lib/python3.12/site-packages/leg1_description/__init__.py to __init__.cpython-312.pyc
running install_data
creating /home/houndsito/vt-cro/Dog/leg1_ws/install/leg1_description/share/ament_index
creating /home/houndsito/vt-cro/Dog/leg1_ws/install/leg1_description/share/ament_index/resource_index
creating /home/houndsito/vt-cro/Dog/leg1_ws/install/leg1_description/share/ament_index/resource_index/packages
copying resource/leg1_description -> /home/houndsito/vt-cro/Dog/leg1_ws/install/leg1_description/share/ament_index/resource_index/packages
copying package.xml -> /home/houndsito/vt-cro/Dog/leg1_ws/install/leg1_description/share/leg1_description
creating /home/houndsito/vt-cro/Dog/leg1_ws/install/leg1_description/share/leg1_description/launch
copying launch/gazebo.launch.py -> /home/houndsito/vt-cro/Dog/leg1_ws/install/leg1_description/share/leg1_description/launch
copying launch/display.launch.py -> /home/houndsito/vt-cro/Dog/leg1_ws/install/leg1_description/share/leg1_description/launch
creating /home/houndsito/vt-cro/Dog/leg1_ws/install/leg1_description/share/leg1_description/urdf
copying urdf/leg1.trans -> /home/houndsito/vt-cro/Dog/leg1_ws/install/leg1_description/share/leg1_description/urdf
copying urdf/leg1.gazebo -> /home/houndsito/vt-cro/Dog/leg1_ws/install/leg1_description/share/leg1_description/urdf
copying urdf/materials.xacro -> /home/houndsito/vt-cro/Dog/leg1_ws/install/leg1_description/share/leg1_description/urdf
copying urdf/dingo.xacro -> /home/houndsito/vt-cro/Dog/leg1_ws/install/leg1_description/share/leg1_description/urdf
creating /home/houndsito/vt-cro/Dog/leg1_ws/install/leg1_description/share/leg1_description/meshes
copying meshes/FR_link3.STL -> /home/houndsito/vt-cro/Dog/leg1_ws/install/leg1_description/share/leg1_description/meshes
copying meshes/FR1_obj.mtl -> /home/houndsito/vt-cro/Dog/leg1_ws/install/leg1_description/share/leg1_description/meshes
copying meshes/R3_obj.mtl -> /home/houndsito/vt-cro/Dog/leg1_ws/install/leg1_description/share/leg1_description/meshes
copying meshes/L3_obj.mtl -> /home/houndsito/vt-cro/Dog/leg1_ws/install/leg1_description/share/leg1_description/meshes
copying meshes/L2_obj.obj -> /home/houndsito/vt-cro/Dog/leg1_ws/install/leg1_description/share/leg1_description/meshes
copying meshes/L_link3.dae -> /home/houndsito/vt-cro/Dog/leg1_ws/install/leg1_description/share/leg1_description/meshes
copying meshes/FL_link4.STL -> /home/houndsito/vt-cro/Dog/leg1_ws/install/leg1_description/share/leg1_description/meshes
copying meshes/RR_link1.STL -> /home/houndsito/vt-cro/Dog/leg1_ws/install/leg1_description/share/leg1_description/meshes
copying meshes/RR_link3.STL -> /home/houndsito/vt-cro/Dog/leg1_ws/install/leg1_description/share/leg1_description/meshes
copying meshes/L2_obj.mtl -> /home/houndsito/vt-cro/Dog/leg1_ws/install/leg1_description/share/leg1_description/meshes
copying meshes/R3_obj.obj -> /home/houndsito/vt-cro/Dog/leg1_ws/install/leg1_description/share/leg1_description/meshes
copying meshes/R_link3_collision.STL -> /home/houndsito/vt-cro/Dog/leg1_ws/install/leg1_description/share/leg1_description/meshes
copying meshes/RL_link3.STL -> /home/houndsito/vt-cro/Dog/leg1_ws/install/leg1_description/share/leg1_description/meshes
copying meshes/FL_link2.STL -> /home/houndsito/vt-cro/Dog/leg1_ws/install/leg1_description/share/leg1_description/meshes
copying meshes/R_link2.dae -> /home/houndsito/vt-cro/Dog/leg1_ws/install/leg1_description/share/leg1_description/meshes
copying meshes/R2_obj.mtl -> /home/houndsito/vt-cro/Dog/leg1_ws/install/leg1_description/share/leg1_description/meshes
copying meshes/FR_link1.STL -> /home/houndsito/vt-cro/Dog/leg1_ws/install/leg1_description/share/leg1_description/meshes
copying meshes/L_link3_collision.STL -> /home/houndsito/vt-cro/Dog/leg1_ws/install/leg1_description/share/leg1_description/meshes
copying meshes/RL_link1.STL -> /home/houndsito/vt-cro/Dog/leg1_ws/install/leg1_description/share/leg1_description/meshes
copying meshes/RR1_obj.obj -> /home/houndsito/vt-cro/Dog/leg1_ws/install/leg1_description/share/leg1_description/meshes
copying meshes/RR_link1.dae -> /home/houndsito/vt-cro/Dog/leg1_ws/install/leg1_description/share/leg1_description/meshes
copying meshes/FL_link1.dae -> /home/houndsito/vt-cro/Dog/leg1_ws/install/leg1_description/share/leg1_description/meshes
copying meshes/FR_link2.STL -> /home/houndsito/vt-cro/Dog/leg1_ws/install/leg1_description/share/leg1_description/meshes
copying meshes/FR1_obj.obj -> /home/houndsito/vt-cro/Dog/leg1_ws/install/leg1_description/share/leg1_description/meshes
copying meshes/body_obj.mtl -> /home/houndsito/vt-cro/Dog/leg1_ws/install/leg1_description/share/leg1_description/meshes
copying meshes/R_link3.dae -> /home/houndsito/vt-cro/Dog/leg1_ws/install/leg1_description/share/leg1_description/meshes
copying meshes/body_obj.obj -> /home/houndsito/vt-cro/Dog/leg1_ws/install/leg1_description/share/leg1_description/meshes
copying meshes/FR_link1.dae -> /home/houndsito/vt-cro/Dog/leg1_ws/install/leg1_description/share/leg1_description/meshes
copying meshes/R_link2_collision.STL -> /home/houndsito/vt-cro/Dog/leg1_ws/install/leg1_description/share/leg1_description/meshes
copying meshes/L3_obj.obj -> /home/houndsito/vt-cro/Dog/leg1_ws/install/leg1_description/share/leg1_description/meshes
copying meshes/link4_collision.STL -> /home/houndsito/vt-cro/Dog/leg1_ws/install/leg1_description/share/leg1_description/meshes
copying meshes/FL1_obj.mtl -> /home/houndsito/vt-cro/Dog/leg1_ws/install/leg1_description/share/leg1_description/meshes
copying meshes/FL1_obj.obj -> /home/houndsito/vt-cro/Dog/leg1_ws/install/leg1_description/share/leg1_description/meshes
copying meshes/RL1_obj.mtl -> /home/houndsito/vt-cro/Dog/leg1_ws/install/leg1_description/share/leg1_description/meshes
copying meshes/RR_link2.STL -> /home/houndsito/vt-cro/Dog/leg1_ws/install/leg1_description/share/leg1_description/meshes
copying meshes/RL_link1.dae -> /home/houndsito/vt-cro/Dog/leg1_ws/install/leg1_description/share/leg1_description/meshes
copying meshes/RR1_obj.mtl -> /home/houndsito/vt-cro/Dog/leg1_ws/install/leg1_description/share/leg1_description/meshes
copying meshes/RR_link4.STL -> /home/houndsito/vt-cro/Dog/leg1_ws/install/leg1_description/share/leg1_description/meshes
copying meshes/RL_link4.STL -> /home/houndsito/vt-cro/Dog/leg1_ws/install/leg1_description/share/leg1_description/meshes
copying meshes/R2_obj.obj -> /home/houndsito/vt-cro/Dog/leg1_ws/install/leg1_description/share/leg1_description/meshes
copying meshes/base_collision.STL -> /home/houndsito/vt-cro/Dog/leg1_ws/install/leg1_description/share/leg1_description/meshes
copying meshes/thread.jpg -> /home/houndsito/vt-cro/Dog/leg1_ws/install/leg1_description/share/leg1_description/meshes
copying meshes/main.py -> /home/houndsito/vt-cro/Dog/leg1_ws/install/leg1_description/share/leg1_description/meshes
copying meshes/L_link1_collision.STL -> /home/houndsito/vt-cro/Dog/leg1_ws/install/leg1_description/share/leg1_description/meshes
copying meshes/base_link.dae -> /home/houndsito/vt-cro/Dog/leg1_ws/install/leg1_description/share/leg1_description/meshes
copying meshes/base_link.STL -> /home/houndsito/vt-cro/Dog/leg1_ws/install/leg1_description/share/leg1_description/meshes
copying meshes/link4.dae -> /home/houndsito/vt-cro/Dog/leg1_ws/install/leg1_description/share/leg1_description/meshes
copying meshes/R_link1_collision.STL -> /home/houndsito/vt-cro/Dog/leg1_ws/install/leg1_description/share/leg1_description/meshes
copying meshes/L_link2.dae -> /home/houndsito/vt-cro/Dog/leg1_ws/install/leg1_description/share/leg1_description/meshes
copying meshes/FL_link1.STL -> /home/houndsito/vt-cro/Dog/leg1_ws/install/leg1_description/share/leg1_description/meshes
copying meshes/RL1_obj.obj -> /home/houndsito/vt-cro/Dog/leg1_ws/install/leg1_description/share/leg1_description/meshes
copying meshes/FR_link4.STL -> /home/houndsito/vt-cro/Dog/leg1_ws/install/leg1_description/share/leg1_description/meshes
copying meshes/L_link2_collision.STL -> /home/houndsito/vt-cro/Dog/leg1_ws/install/leg1_description/share/leg1_description/meshes
copying meshes/FL_link3.STL -> /home/houndsito/vt-cro/Dog/leg1_ws/install/leg1_description/share/leg1_description/meshes
copying meshes/RL_link2.STL -> /home/houndsito/vt-cro/Dog/leg1_ws/install/leg1_description/share/leg1_description/meshes
creating /home/houndsito/vt-cro/Dog/leg1_ws/install/leg1_description/share/leg1_description/config
copying config/display.rviz -> /home/houndsito/vt-cro/Dog/leg1_ws/install/leg1_description/share/leg1_description/config
running install_egg_info
Copying ../../build/leg1_description/leg1_description.egg-info to /home/houndsito/vt-cro/Dog/leg1_ws/install/leg1_description/lib/python3.12/site-packages/leg1_description-0.0.0-py3.12.egg-info
running install_scripts
writing list of installed files to '/home/houndsito/vt-cro/Dog/leg1_ws/build/leg1_description/install.log'
