[0.800s] Invoking command in '/home/houndsito/vt-cro/Dog/leg1_ws/src/leg1_description': DEBUGINFOD_URLS=https://debuginfod.ubuntu.com PYTHONPATH=/home/houndsito/vt-cro/Dog/leg1_ws/build/leg1_description/prefix_override:/usr/lib/python3/dist-packages/colcon_core/task/python/colcon_distutils_commands:/home/houndsito/vt-cro/Dog/leg1_ws/install/leg1_description/lib/python3.12/site-packages:${PYTHONPATH} /usr/bin/python3 -W ignore:setup.py install is deprecated -W ignore:easy_install command is deprecated setup.py egg_info --egg-base ../../build/leg1_description build --build-base /home/houndsito/vt-cro/Dog/leg1_ws/build/leg1_description/build install --record /home/houndsito/vt-cro/Dog/leg1_ws/build/leg1_description/install.log --single-version-externally-managed install_data
[1.060s] running egg_info
[1.060s] creating ../../build/leg1_description/leg1_description.egg-info
[1.082s] writing ../../build/leg1_description/leg1_description.egg-info/PKG-INFO
[1.082s] writing dependency_links to ../../build/leg1_description/leg1_description.egg-info/dependency_links.txt
[1.082s] writing requirements to ../../build/leg1_description/leg1_description.egg-info/requires.txt
[1.082s] writing top-level names to ../../build/leg1_description/leg1_description.egg-info/top_level.txt
[1.082s] writing manifest file '../../build/leg1_description/leg1_description.egg-info/SOURCES.txt'
[1.127s] reading manifest file '../../build/leg1_description/leg1_description.egg-info/SOURCES.txt'
[1.127s] writing manifest file '../../build/leg1_description/leg1_description.egg-info/SOURCES.txt'
[1.128s] running build
[1.128s] running build_py
[1.128s] creating /home/houndsito/vt-cro/Dog/leg1_ws/build/leg1_description/build
[1.128s] creating /home/houndsito/vt-cro/Dog/leg1_ws/build/leg1_description/build/lib
[1.128s] creating /home/houndsito/vt-cro/Dog/leg1_ws/build/leg1_description/build/lib/leg1_description
[1.128s] copying leg1_description/__init__.py -> /home/houndsito/vt-cro/Dog/leg1_ws/build/leg1_description/build/lib/leg1_description
[1.128s] running install
[1.132s] running install_lib
[1.155s] creating /home/houndsito/vt-cro/Dog/leg1_ws/install/leg1_description/lib/python3.12/site-packages/leg1_description
[1.155s] copying /home/houndsito/vt-cro/Dog/leg1_ws/build/leg1_description/build/lib/leg1_description/__init__.py -> /home/houndsito/vt-cro/Dog/leg1_ws/install/leg1_description/lib/python3.12/site-packages/leg1_description
[1.155s] byte-compiling /home/houndsito/vt-cro/Dog/leg1_ws/install/leg1_description/lib/python3.12/site-packages/leg1_description/__init__.py to __init__.cpython-312.pyc
[1.155s] running install_data
[1.155s] creating /home/houndsito/vt-cro/Dog/leg1_ws/install/leg1_description/share/ament_index
[1.156s] creating /home/houndsito/vt-cro/Dog/leg1_ws/install/leg1_description/share/ament_index/resource_index
[1.156s] creating /home/houndsito/vt-cro/Dog/leg1_ws/install/leg1_description/share/ament_index/resource_index/packages
[1.156s] copying resource/leg1_description -> /home/houndsito/vt-cro/Dog/leg1_ws/install/leg1_description/share/ament_index/resource_index/packages
[1.156s] copying package.xml -> /home/houndsito/vt-cro/Dog/leg1_ws/install/leg1_description/share/leg1_description
[1.156s] creating /home/houndsito/vt-cro/Dog/leg1_ws/install/leg1_description/share/leg1_description/launch
[1.156s] copying launch/gazebo.launch.py -> /home/houndsito/vt-cro/Dog/leg1_ws/install/leg1_description/share/leg1_description/launch
[1.156s] copying launch/display.launch.py -> /home/houndsito/vt-cro/Dog/leg1_ws/install/leg1_description/share/leg1_description/launch
[1.156s] creating /home/houndsito/vt-cro/Dog/leg1_ws/install/leg1_description/share/leg1_description/urdf
[1.156s] copying urdf/leg1.trans -> /home/houndsito/vt-cro/Dog/leg1_ws/install/leg1_description/share/leg1_description/urdf
[1.156s] copying urdf/leg1.gazebo -> /home/houndsito/vt-cro/Dog/leg1_ws/install/leg1_description/share/leg1_description/urdf
[1.156s] copying urdf/materials.xacro -> /home/houndsito/vt-cro/Dog/leg1_ws/install/leg1_description/share/leg1_description/urdf
[1.156s] copying urdf/dingo.xacro -> /home/houndsito/vt-cro/Dog/leg1_ws/install/leg1_description/share/leg1_description/urdf
[1.156s] creating /home/houndsito/vt-cro/Dog/leg1_ws/install/leg1_description/share/leg1_description/meshes
[1.157s] copying meshes/FR_link3.STL -> /home/houndsito/vt-cro/Dog/leg1_ws/install/leg1_description/share/leg1_description/meshes
[1.157s] copying meshes/FR1_obj.mtl -> /home/houndsito/vt-cro/Dog/leg1_ws/install/leg1_description/share/leg1_description/meshes
[1.157s] copying meshes/R3_obj.mtl -> /home/houndsito/vt-cro/Dog/leg1_ws/install/leg1_description/share/leg1_description/meshes
[1.157s] copying meshes/L3_obj.mtl -> /home/houndsito/vt-cro/Dog/leg1_ws/install/leg1_description/share/leg1_description/meshes
[1.157s] copying meshes/L2_obj.obj -> /home/houndsito/vt-cro/Dog/leg1_ws/install/leg1_description/share/leg1_description/meshes
[1.160s] copying meshes/L_link3.dae -> /home/houndsito/vt-cro/Dog/leg1_ws/install/leg1_description/share/leg1_description/meshes
[1.160s] copying meshes/FL_link4.STL -> /home/houndsito/vt-cro/Dog/leg1_ws/install/leg1_description/share/leg1_description/meshes
[1.161s] copying meshes/RR_link1.STL -> /home/houndsito/vt-cro/Dog/leg1_ws/install/leg1_description/share/leg1_description/meshes
[1.161s] copying meshes/RR_link3.STL -> /home/houndsito/vt-cro/Dog/leg1_ws/install/leg1_description/share/leg1_description/meshes
[1.161s] copying meshes/L2_obj.mtl -> /home/houndsito/vt-cro/Dog/leg1_ws/install/leg1_description/share/leg1_description/meshes
[1.161s] copying meshes/R3_obj.obj -> /home/houndsito/vt-cro/Dog/leg1_ws/install/leg1_description/share/leg1_description/meshes
[1.164s] copying meshes/R_link3_collision.STL -> /home/houndsito/vt-cro/Dog/leg1_ws/install/leg1_description/share/leg1_description/meshes
[1.164s] copying meshes/RL_link3.STL -> /home/houndsito/vt-cro/Dog/leg1_ws/install/leg1_description/share/leg1_description/meshes
[1.164s] copying meshes/FL_link2.STL -> /home/houndsito/vt-cro/Dog/leg1_ws/install/leg1_description/share/leg1_description/meshes
[1.164s] copying meshes/R_link2.dae -> /home/houndsito/vt-cro/Dog/leg1_ws/install/leg1_description/share/leg1_description/meshes
[1.165s] copying meshes/R2_obj.mtl -> /home/houndsito/vt-cro/Dog/leg1_ws/install/leg1_description/share/leg1_description/meshes
[1.165s] copying meshes/FR_link1.STL -> /home/houndsito/vt-cro/Dog/leg1_ws/install/leg1_description/share/leg1_description/meshes
[1.165s] copying meshes/L_link3_collision.STL -> /home/houndsito/vt-cro/Dog/leg1_ws/install/leg1_description/share/leg1_description/meshes
[1.165s] copying meshes/RL_link1.STL -> /home/houndsito/vt-cro/Dog/leg1_ws/install/leg1_description/share/leg1_description/meshes
[1.166s] copying meshes/RR1_obj.obj -> /home/houndsito/vt-cro/Dog/leg1_ws/install/leg1_description/share/leg1_description/meshes
[1.169s] copying meshes/RR_link1.dae -> /home/houndsito/vt-cro/Dog/leg1_ws/install/leg1_description/share/leg1_description/meshes
[1.170s] copying meshes/FL_link1.dae -> /home/houndsito/vt-cro/Dog/leg1_ws/install/leg1_description/share/leg1_description/meshes
[1.170s] copying meshes/FR_link2.STL -> /home/houndsito/vt-cro/Dog/leg1_ws/install/leg1_description/share/leg1_description/meshes
[1.170s] copying meshes/FR1_obj.obj -> /home/houndsito/vt-cro/Dog/leg1_ws/install/leg1_description/share/leg1_description/meshes
[1.174s] copying meshes/body_obj.mtl -> /home/houndsito/vt-cro/Dog/leg1_ws/install/leg1_description/share/leg1_description/meshes
[1.174s] copying meshes/R_link3.dae -> /home/houndsito/vt-cro/Dog/leg1_ws/install/leg1_description/share/leg1_description/meshes
[1.175s] copying meshes/body_obj.obj -> /home/houndsito/vt-cro/Dog/leg1_ws/install/leg1_description/share/leg1_description/meshes
[1.225s] copying meshes/FR_link1.dae -> /home/houndsito/vt-cro/Dog/leg1_ws/install/leg1_description/share/leg1_description/meshes
[1.225s] copying meshes/R_link2_collision.STL -> /home/houndsito/vt-cro/Dog/leg1_ws/install/leg1_description/share/leg1_description/meshes
[1.225s] copying meshes/L3_obj.obj -> /home/houndsito/vt-cro/Dog/leg1_ws/install/leg1_description/share/leg1_description/meshes
[1.228s] copying meshes/link4_collision.STL -> /home/houndsito/vt-cro/Dog/leg1_ws/install/leg1_description/share/leg1_description/meshes
[1.228s] copying meshes/FL1_obj.mtl -> /home/houndsito/vt-cro/Dog/leg1_ws/install/leg1_description/share/leg1_description/meshes
[1.228s] copying meshes/FL1_obj.obj -> /home/houndsito/vt-cro/Dog/leg1_ws/install/leg1_description/share/leg1_description/meshes
[1.231s] copying meshes/RL1_obj.mtl -> /home/houndsito/vt-cro/Dog/leg1_ws/install/leg1_description/share/leg1_description/meshes
[1.231s] copying meshes/RR_link2.STL -> /home/houndsito/vt-cro/Dog/leg1_ws/install/leg1_description/share/leg1_description/meshes
[1.232s] copying meshes/RL_link1.dae -> /home/houndsito/vt-cro/Dog/leg1_ws/install/leg1_description/share/leg1_description/meshes
[1.232s] copying meshes/RR1_obj.mtl -> /home/houndsito/vt-cro/Dog/leg1_ws/install/leg1_description/share/leg1_description/meshes
[1.232s] copying meshes/RR_link4.STL -> /home/houndsito/vt-cro/Dog/leg1_ws/install/leg1_description/share/leg1_description/meshes
[1.232s] copying meshes/RL_link4.STL -> /home/houndsito/vt-cro/Dog/leg1_ws/install/leg1_description/share/leg1_description/meshes
[1.232s] copying meshes/R2_obj.obj -> /home/houndsito/vt-cro/Dog/leg1_ws/install/leg1_description/share/leg1_description/meshes
[1.235s] copying meshes/base_collision.STL -> /home/houndsito/vt-cro/Dog/leg1_ws/install/leg1_description/share/leg1_description/meshes
[1.235s] copying meshes/thread.jpg -> /home/houndsito/vt-cro/Dog/leg1_ws/install/leg1_description/share/leg1_description/meshes
[1.235s] copying meshes/main.py -> /home/houndsito/vt-cro/Dog/leg1_ws/install/leg1_description/share/leg1_description/meshes
[1.236s] copying meshes/L_link1_collision.STL -> /home/houndsito/vt-cro/Dog/leg1_ws/install/leg1_description/share/leg1_description/meshes
[1.236s] copying meshes/base_link.dae -> /home/houndsito/vt-cro/Dog/leg1_ws/install/leg1_description/share/leg1_description/meshes
[1.237s] copying meshes/base_link.STL -> /home/houndsito/vt-cro/Dog/leg1_ws/install/leg1_description/share/leg1_description/meshes
[1.239s] copying meshes/link4.dae -> /home/houndsito/vt-cro/Dog/leg1_ws/install/leg1_description/share/leg1_description/meshes
[1.240s] copying meshes/R_link1_collision.STL -> /home/houndsito/vt-cro/Dog/leg1_ws/install/leg1_description/share/leg1_description/meshes
[1.240s] copying meshes/L_link2.dae -> /home/houndsito/vt-cro/Dog/leg1_ws/install/leg1_description/share/leg1_description/meshes
[1.240s] copying meshes/FL_link1.STL -> /home/houndsito/vt-cro/Dog/leg1_ws/install/leg1_description/share/leg1_description/meshes
[1.240s] copying meshes/RL1_obj.obj -> /home/houndsito/vt-cro/Dog/leg1_ws/install/leg1_description/share/leg1_description/meshes
[1.244s] copying meshes/FR_link4.STL -> /home/houndsito/vt-cro/Dog/leg1_ws/install/leg1_description/share/leg1_description/meshes
[1.244s] copying meshes/L_link2_collision.STL -> /home/houndsito/vt-cro/Dog/leg1_ws/install/leg1_description/share/leg1_description/meshes
[1.244s] copying meshes/FL_link3.STL -> /home/houndsito/vt-cro/Dog/leg1_ws/install/leg1_description/share/leg1_description/meshes
[1.245s] copying meshes/RL_link2.STL -> /home/houndsito/vt-cro/Dog/leg1_ws/install/leg1_description/share/leg1_description/meshes
[1.245s] creating /home/houndsito/vt-cro/Dog/leg1_ws/install/leg1_description/share/leg1_description/config
[1.245s] copying config/display.rviz -> /home/houndsito/vt-cro/Dog/leg1_ws/install/leg1_description/share/leg1_description/config
[1.245s] running install_egg_info
[1.270s] Copying ../../build/leg1_description/leg1_description.egg-info to /home/houndsito/vt-cro/Dog/leg1_ws/install/leg1_description/lib/python3.12/site-packages/leg1_description-0.0.0-py3.12.egg-info
[1.270s] running install_scripts
[1.413s] writing list of installed files to '/home/houndsito/vt-cro/Dog/leg1_ws/build/leg1_description/install.log'
[1.432s] Invoked command in '/home/houndsito/vt-cro/Dog/leg1_ws/src/leg1_description' returned '0': DEBUGINFOD_URLS=https://debuginfod.ubuntu.com PYTHONPATH=/home/houndsito/vt-cro/Dog/leg1_ws/build/leg1_description/prefix_override:/usr/lib/python3/dist-packages/colcon_core/task/python/colcon_distutils_commands:/home/houndsito/vt-cro/Dog/leg1_ws/install/leg1_description/lib/python3.12/site-packages:${PYTHONPATH} /usr/bin/python3 -W ignore:setup.py install is deprecated -W ignore:easy_install command is deprecated setup.py egg_info --egg-base ../../build/leg1_description build --build-base /home/houndsito/vt-cro/Dog/leg1_ws/build/leg1_description/build install --record /home/houndsito/vt-cro/Dog/leg1_ws/build/leg1_description/install.log --single-version-externally-managed install_data
